panicked at src\overlay.rs:242:12:
called `Result::unwrap()` on an `Err` value: Os { code: 6, kind: Uncategorized, message: "The handle is invalid." }
stack backtrace:
   0: std::backtrace_rs::backtrace::win64::trace
             at /rustc/e22c616e4e87914135c1db261a03e0437255335e/library\std\src\..\..\backtrace\src\backtrace\win64.rs:85
   1: std::backtrace_rs::backtrace::trace_unsynchronized
             at /rustc/e22c616e4e87914135c1db261a03e0437255335e/library\std\src\..\..\backtrace\src\backtrace\mod.rs:66
   2: std::backtrace::Backtrace::create
             at /rustc/e22c616e4e87914135c1db261a03e0437255335e/library\std\src\backtrace.rs:331
   3: std::backtrace::Backtrace::force_capture
             at /rustc/e22c616e4e87914135c1db261a03e0437255335e/library\std\src\backtrace.rs:312
   4: pyonji::logging::init::closure$0
             at C:\dev\learning\pyonji\src\logging.rs:10
   5: std::panicking::panic_with_hook
             at /rustc/e22c616e4e87914135c1db261a03e0437255335e/library\std\src\panicking.rs:833
   6: std::panicking::panic_handler::closure$0
             at /rustc/e22c616e4e87914135c1db261a03e0437255335e/library\std\src\panicking.rs:698
   7: std::sys::backtrace::__rust_end_short_backtrace<std::panicking::panic_handler::closure_env$0,never$>
             at /rustc/e22c616e4e87914135c1db261a03e0437255335e/library\std\src\sys\backtrace.rs:182
   8: std::panicking::panic_handler
             at /rustc/e22c616e4e87914135c1db261a03e0437255335e/library\std\src\panicking.rs:689
   9: core::panicking::panic_fmt
             at /rustc/e22c616e4e87914135c1db261a03e0437255335e/library\core\src\panicking.rs:80
  10: core::result::unwrap_failed
             at /rustc/e22c616e4e87914135c1db261a03e0437255335e/library\core\src\result.rs:1867
  11: enum2$<core::result::Result<ratatui_core::terminal::frame::CompletedFrame,std::io::error::Error> >::unwrap
             at C:\Users\fiffi\.rustup\toolchains\nightly-x86_64-pc-windows-msvc\lib\rustlib\src\rust\library\core\src\result.rs:1233
  12: pyonji::overlay::Overlay::draw
             at C:\dev\learning\pyonji\src\overlay.rs:242
  13: pyonji::App::ui
             at C:\dev\learning\pyonji\src\main.rs:199
  14: pyonji::impl$2::window_event
             at C:\dev\learning\pyonji\src\main.rs:320
  15: winit::event_loop::dispatch_event_for_app
             at C:\Users\fiffi\.cargo\registry\src\index.crates.io-1949cf8c6b5b557f\winit-0.30.13\src\event_loop.rs:642
  16: winit::event_loop::impl$6::run_app::closure$0<enum2$<pyonji::pty::Event>,pyonji::App>
             at C:\Users\fiffi\.cargo\registry\src\index.crates.io-1949cf8c6b5b557f\winit-0.30.13\src\event_loop.rs:265
  17: winit::platform_impl::windows::event_loop::impl$3::run_on_demand::closure$0<enum2$<pyonji::pty::Event>,winit::event_loop::impl$6::run_app::closure_env$0<enum2$<pyonji::pty::Event>,pyonji::App> >
             at C:\Users\fiffi\.cargo\registry\src\index.crates.io-1949cf8c6b5b557f\winit-0.30.13\src\platform_impl\windows\event_loop.rs:264
  18: alloc::boxed::impl$32::call_mut<tuple$<enum2$<winit::event::Event<winit::platform_impl::windows::event_loop::UserEventPlaceholder> > >,dyn$<core::ops::function::FnMut<tuple$<enum2$<winit::event::Event<winit::platform_impl::windows::event_loop::UserEventPla
             at C:\Users\fiffi\.rustup\toolchains\nightly-x86_64-pc-windows-msvc\lib\rustlib\src\rust\library\alloc\src\boxed.rs:2278
  19: winit::platform_impl::windows::event_loop::runner::impl$3::call_event_handler::closure$0<winit::platform_impl::windows::event_loop::UserEventPlaceholder>
             at C:\Users\fiffi\.cargo\registry\src\index.crates.io-1949cf8c6b5b557f\winit-0.30.13\src\platform_impl\windows\event_loop\runner.rs:236
  20: core::panic::unwind_safe::impl$25::call_once<tuple$<>,winit::platform_impl::windows::event_loop::runner::impl$3::call_event_handler::closure_env$0<winit::platform_impl::windows::event_loop::UserEventPlaceholder> >
             at C:\Users\fiffi\.rustup\toolchains\nightly-x86_64-pc-windows-msvc\lib\rustlib\src\rust\library\core\src\panic\unwind_safe.rs:275
  21: std::panicking::catch_unwind::do_call<core::panic::unwind_safe::AssertUnwindSafe<winit::platform_impl::windows::event_loop::runner::impl$3::call_event_handler::closure_env$0<winit::platform_impl::windows::event_loop::UserEventPlaceholder> >,tuple$<> >
             at C:\Users\fiffi\.rustup\toolchains\nightly-x86_64-pc-windows-msvc\lib\rustlib\src\rust\library\std\src\panicking.rs:581
  22: core::cmp::PartialEq::ne<enum2$<core::option::Option<tuple$<i32,i32,i32,i32> > >,enum2$<core::option::Option<tuple$<i32,i32,i32,i32> > > >
  23: std::panicking::catch_unwind
             at C:\Users\fiffi\.rustup\toolchains\nightly-x86_64-pc-windows-msvc\lib\rustlib\src\rust\library\std\src\panicking.rs:544
  24: std::panic::catch_unwind<core::panic::unwind_safe::AssertUnwindSafe<winit::platform_impl::windows::event_loop::runner::impl$3::call_event_handler::closure_env$0<winit::platform_impl::windows::event_loop::UserEventPlaceholder> >,tuple$<> >
             at C:\Users\fiffi\.rustup\toolchains\nightly-x86_64-pc-windows-msvc\lib\rustlib\src\rust\library\std\src\panic.rs:359
  25: winit::platform_impl::windows::event_loop::runner::EventLoopRunner<winit::platform_impl::windows::event_loop::UserEventPlaceholder>::catch_unwind<winit::platform_impl::windows::event_loop::UserEventPlaceholder,tuple$<>,winit::platform_impl::windows::event_
             at C:\Users\fiffi\.cargo\registry\src\index.crates.io-1949cf8c6b5b557f\winit-0.30.13\src\platform_impl\windows\event_loop\runner.rs:173
  26: winit::platform_impl::windows::event_loop::runner::EventLoopRunner<winit::platform_impl::windows::event_loop::UserEventPlaceholder>::call_event_handler<winit::platform_impl::windows::event_loop::UserEventPlaceholder>
             at C:\Users\fiffi\.cargo\registry\src\index.crates.io-1949cf8c6b5b557f\winit-0.30.13\src\platform_impl\windows\event_loop\runner.rs:230
  27: winit::platform_impl::windows::event_loop::runner::EventLoopRunner<winit::platform_impl::windows::event_loop::UserEventPlaceholder>::send_event<winit::platform_impl::windows::event_loop::UserEventPlaceholder>
             at C:\Users\fiffi\.cargo\registry\src\index.crates.io-1949cf8c6b5b557f\winit-0.30.13\src\platform_impl\windows\event_loop\runner.rs:210
  28: winit::platform_impl::windows::event_loop::WindowData::send_event
             at C:\Users\fiffi\.cargo\registry\src\index.crates.io-1949cf8c6b5b557f\winit-0.30.13\src\platform_impl\windows\event_loop.rs:129
  29: winit::platform_impl::windows::event_loop::public_window_callback_inner::closure$4
             at C:\Users\fiffi\.cargo\registry\src\index.crates.io-1949cf8c6b5b557f\winit-0.30.13\src\platform_impl\windows\event_loop.rs:1284
  30: core::ops::function::FnOnce::call_once<winit::platform_impl::windows::event_loop::public_window_callback_inner::closure_env$4,tuple$<> >
             at C:\Users\fiffi\.rustup\toolchains\nightly-x86_64-pc-windows-msvc\lib\rustlib\src\rust\library\core\src\ops\function.rs:250
  31: core::panic::unwind_safe::impl$25::call_once<tuple$<>,winit::platform_impl::windows::event_loop::public_window_callback_inner::closure_env$4>
             at C:\Users\fiffi\.rustup\toolchains\nightly-x86_64-pc-windows-msvc\lib\rustlib\src\rust\library\core\src\panic\unwind_safe.rs:275
  32: std::panicking::catch_unwind::do_call<core::panic::unwind_safe::AssertUnwindSafe<winit::platform_impl::windows::event_loop::public_window_callback_inner::closure_env$4>,tuple$<> >
             at C:\Users\fiffi\.rustup\toolchains\nightly-x86_64-pc-windows-msvc\lib\rustlib\src\rust\library\std\src\panicking.rs:581
  33: core::cmp::PartialEq::ne<enum2$<core::option::Option<tuple$<i32,i32,i32,i32> > >,enum2$<core::option::Option<tuple$<i32,i32,i32,i32> > > >
  34: std::panicking::catch_unwind
             at C:\Users\fiffi\.rustup\toolchains\nightly-x86_64-pc-windows-msvc\lib\rustlib\src\rust\library\std\src\panicking.rs:544
  35: std::panic::catch_unwind<core::panic::unwind_safe::AssertUnwindSafe<winit::platform_impl::windows::event_loop::public_window_callback_inner::closure_env$4>,tuple$<> >
             at C:\Users\fiffi\.rustup\toolchains\nightly-x86_64-pc-windows-msvc\lib\rustlib\src\rust\library\std\src\panic.rs:359
  36: winit::platform_impl::windows::event_loop::runner::EventLoopRunner<winit::platform_impl::windows::event_loop::UserEventPlaceholder>::catch_unwind<winit::platform_impl::windows::event_loop::UserEventPlaceholder,tuple$<>,winit::platform_impl::windows::event_
             at C:\Users\fiffi\.cargo\registry\src\index.crates.io-1949cf8c6b5b557f\winit-0.30.13\src\platform_impl\windows\event_loop\runner.rs:173
  37: winit::platform_impl::windows::event_loop::public_window_callback_inner
             at C:\Users\fiffi\.cargo\registry\src\index.crates.io-1949cf8c6b5b557f\winit-0.30.13\src\platform_impl\windows\event_loop.rs:2466
  38: winit::platform_impl::windows::event_loop::public_window_callback
             at C:\Users\fiffi\.cargo\registry\src\index.crates.io-1949cf8c6b5b557f\winit-0.30.13\src\platform_impl\windows\event_loop.rs:1100
  39: CallWindowProcW
  40: DispatchMessageW
  41: SendMessageTimeoutW
  42: KiUserCallbackDispatcher
  43: NtUserDispatchMessage
  44: DispatchMessageW
  45: winit::platform_impl::windows::event_loop::EventLoop<enum2$<pyonji::pty::Event> >::dispatch_peeked_messages<enum2$<pyonji::pty::Event> >
             at C:\Users\fiffi\.cargo\registry\src\index.crates.io-1949cf8c6b5b557f\winit-0.30.13\src\platform_impl\windows\event_loop.rs:419
  46: winit::platform_impl::windows::event_loop::EventLoop<enum2$<pyonji::pty::Event> >::run_on_demand<enum2$<pyonji::pty::Event>,winit::event_loop::impl$6::run_app::closure_env$0<enum2$<pyonji::pty::Event>,pyonji::App> >
             at C:\Users\fiffi\.cargo\registry\src\index.crates.io-1949cf8c6b5b557f\winit-0.30.13\src\platform_impl\windows\event_loop.rs:277
  47: winit::platform_impl::windows::event_loop::EventLoop<enum2$<pyonji::pty::Event> >::run<enum2$<pyonji::pty::Event>,winit::event_loop::impl$6::run_app::closure_env$0<enum2$<pyonji::pty::Event>,pyonji::App> >
             at C:\Users\fiffi\.cargo\registry\src\index.crates.io-1949cf8c6b5b557f\winit-0.30.13\src\platform_impl\windows\event_loop.rs:233
  48: winit::event_loop::EventLoop<enum2$<pyonji::pty::Event> >::run_app<enum2$<pyonji::pty::Event>,pyonji::App>
             at C:\Users\fiffi\.cargo\registry\src\index.crates.io-1949cf8c6b5b557f\winit-0.30.13\src\event_loop.rs:265
  49: pyonji::main
             at C:\dev\learning\pyonji\src\main.rs:126
  50: core::ops::function::FnOnce::call_once<enum2$<core::result::Result<tuple$<>,anyhow::Error> > (*)(),tuple$<> >
             at C:\Users\fiffi\.rustup\toolchains\nightly-x86_64-pc-windows-msvc\lib\rustlib\src\rust\library\core\src\ops\function.rs:250
  51: std::sys::backtrace::__rust_begin_short_backtrace<enum2$<core::result::Result<tuple$<>,anyhow::Error> > (*)(),enum2$<core::result::Result<tuple$<>,anyhow::Error> > >
             at C:\Users\fiffi\.rustup\toolchains\nightly-x86_64-pc-windows-msvc\lib\rustlib\src\rust\library\std\src\sys\backtrace.rs:166
  52: std::rt::lang_start::closure$0<enum2$<core::result::Result<tuple$<>,anyhow::Error> > >
             at C:\Users\fiffi\.rustup\toolchains\nightly-x86_64-pc-windows-msvc\lib\rustlib\src\rust\library\std\src\rt.rs:206
  53: std::rt::lang_start_internal::closure$0
             at /rustc/e22c616e4e87914135c1db261a03e0437255335e/library\std\src\rt.rs:175
  54: std::panicking::catch_unwind::do_call
             at /rustc/e22c616e4e87914135c1db261a03e0437255335e/library\std\src\panicking.rs:581
  55: std::panicking::catch_unwind
             at /rustc/e22c616e4e87914135c1db261a03e0437255335e/library\std\src\panicking.rs:544
  56: std::panic::catch_unwind
             at /rustc/e22c616e4e87914135c1db261a03e0437255335e/library\std\src\panic.rs:359
  57: std::rt::lang_start_internal
             at /rustc/e22c616e4e87914135c1db261a03e0437255335e/library\std\src\rt.rs:171
  58: std::rt::lang_start<enum2$<core::result::Result<tuple$<>,anyhow::Error> > >
             at C:\Users\fiffi\.rustup\toolchains\nightly-x86_64-pc-windows-msvc\lib\rustlib\src\rust\library\std\src\rt.rs:205
  59: main
  60: invoke_main
             at D:\a\_work\1\s\src\vctools\crt\vcstartup\src\startup\exe_common.inl:78
  61: __scrt_common_main_seh
             at D:\a\_work\1\s\src\vctools\crt\vcstartup\src\startup\exe_common.inl:288
  62: BaseThreadInitThunk
  63: RtlUserThreadStart
